<?xml version="1.0" encoding="UTF-8"?>
<testsuite xmlns:xsi="http://www.w3.org/2001/XMLSchema-instance" xsi:noNamespaceSchemaLocation="https://maven.apache.org/surefire/maven-surefire-plugin/xsd/surefire-test-report-3.0.xsd" version="3.0" name="com.ontariotechu.sofe3980U.BinaryControllerTest" time="1.006" tests="11" errors="0" skipped="0" failures="0">
  <properties>
[...]
</properties>
  <testcase name="getDefault" classname="com.ontariotechu.sofe3980U.BinaryControllerTest" time="0.423">
    <system-out><![CDATA[2025-02-04 22:23:27.675  INFO 10828 --- [           main] .b.t.a.w.s.WebMvcTestContextBootstrapper : Neither @ContextConfiguration nor @ContextHierarchy found for test class [com.ontariotechu.sofe3980U.BinaryControllerTest], using SpringBootContextLoader
2025-02-04 22:23:27.676  INFO 10828 --- [           main] o.s.t.c.support.AbstractContextLoader    : Could not detect default resource locations for test class [com.ontariotechu.sofe3980U.BinaryControllerTest]: no resource found for suffixes {-context.xml, Context.groovy}.
2025-02-04 22:23:27.676  INFO 10828 --- [           main] t.c.s.AnnotationConfigContextLoaderUtils : Could not detect default configuration classes for test class [com.ontariotechu.sofe3980U.BinaryControllerTest]: BinaryControllerTest does not declare any static, non-private, non-final, nested classes annotated with @Configuration.
2025-02-04 22:23:27.681  INFO 10828 --- [           main] .b.t.c.SpringBootTestContextBootstrapper : Found @SpringBootConfiguration com.ontariotechu.sofe3980U.Application for test class com.ontariotechu.sofe3980U.BinaryControllerTest
2025-02-04 22:23:27.682  INFO 10828 --- [           main] .b.t.a.w.s.WebMvcTestContextBootstrapper : Loaded default TestExecutionListener class names from location [META-INF/spring.factories]: [org.springframework.boot.test.mock.mockito.MockitoTestExecutionListener, org.springframework.boot.test.mock.mockito.ResetMocksTestExecutionListener, org.springframework.boot.test.autoconfigure.restdocs.RestDocsTestExecutionListener, org.springframework.boot.test.autoconfigure.web.client.MockRestServiceServerResetTestExecutionListener, org.springframework.boot.test.autoconfigure.web.servlet.MockMvcPrintOnlyOnFailureTestExecutionListener, org.springframework.boot.test.autoconfigure.web.servlet.WebDriverTestExecutionListener, org.springframework.test.context.web.ServletTestExecutionListener, org.springframework.test.context.support.DirtiesContextBeforeModesTestExecutionListener, org.springframework.test.context.support.DependencyInjectionTestExecutionListener, org.springframework.test.context.support.DirtiesContextTestExecutionListener, org.springframework.test.context.transaction.TransactionalTestExecutionListener, org.springframework.test.context.jdbc.SqlScriptsTestExecutionListener]
2025-02-04 22:23:27.683  INFO 10828 --- [           main] .b.t.a.w.s.WebMvcTestContextBootstrapper : Using TestExecutionListeners: [org.springframework.test.context.web.ServletTestExecutionListener@77db3d02, org.springframework.test.context.support.DirtiesContextBeforeModesTestExecutionListener@78d9f51b, org.springframework.boot.test.mock.mockito.MockitoTestExecutionListener@23ed382c, org.springframework.boot.test.autoconfigure.SpringBootDependencyInjectionTestExecutionListener@6bedd4e4, org.springframework.test.context.support.DirtiesContextTestExecutionListener@4570d7b6, org.springframework.boot.test.mock.mockito.ResetMocksTestExecutionListener@72b6832e, org.springframework.boot.test.autoconfigure.restdocs.RestDocsTestExecutionListener@3850e90c, org.springframework.boot.test.autoconfigure.web.client.MockRestServiceServerResetTestExecutionListener@3d9f5016, org.springframework.boot.test.autoconfigure.web.servlet.MockMvcPrintOnlyOnFailureTestExecutionListener@7e91ed74, org.springframework.boot.test.autoconfigure.web.servlet.WebDriverTestExecutionListener@3878be7b]

  .   ____          _            __ _ _
 /\\ / ___'_ __ _ _(_)_ __  __ _ \ \ \ \
( ( )\___ | '_ | '_| | '_ \/ _` | \ \ \ \
 \\/  ___)| |_)| | | | | || (_| |  ) ) ) )
  '  |____| .__|_| |_|_| |_\__, | / / / /
 =========|_|==============|___/=/_/_/_/
 :: Spring Boot ::        (v2.1.2.RELEASE)

2025-02-04 22:23:27.743  INFO 10828 --- [           main] c.o.sofe3980U.BinaryControllerTest       : Starting BinaryControllerTest on MSI with PID 10828 (started by 16477 in C:\Users\16477\SoftwareQualityProjectManagement\Labs\BinaryCalculatorWebapp)
2025-02-04 22:23:27.745  INFO 10828 --- [           main] c.o.sofe3980U.BinaryControllerTest       : No active profile set, falling back to default profiles: default
2025-02-04 22:23:28.076  INFO 10828 --- [           main] o.s.s.concurrent.ThreadPoolTaskExecutor  : Initializing ExecutorService 'applicationTaskExecutor'
2025-02-04 22:23:28.220  INFO 10828 --- [           main] o.s.b.t.m.w.SpringBootMockServletContext : Initializing Spring TestDispatcherServlet ''
2025-02-04 22:23:28.220  INFO 10828 --- [           main] o.s.t.web.servlet.TestDispatcherServlet  : Initializing Servlet ''
2025-02-04 22:23:28.226  INFO 10828 --- [           main] o.s.t.web.servlet.TestDispatcherServlet  : Completed initialization in 6 ms
2025-02-04 22:23:28.242  INFO 10828 --- [           main] c.o.sofe3980U.BinaryControllerTest       : Started BinaryControllerTest in 0.552 seconds (JVM running for 4.11)
]]></system-out>
  </testcase>
  <testcase name="binaryANDControllerTest_withPadding" classname="com.ontariotechu.sofe3980U.BinaryControllerTest" time="0.019"/>
  <testcase name="binaryMULTIControllerTest" classname="com.ontariotechu.sofe3980U.BinaryControllerTest" time="0.007"/>
  <testcase name="binaryMULTITest1" classname="com.ontariotechu.sofe3980U.BinaryControllerTest" time="0.003"/>
  <testcase name="binaryMULTITest2" classname="com.ontariotechu.sofe3980U.BinaryControllerTest" time="0.005"/>
  <testcase name="postSubtraction" classname="com.ontariotechu.sofe3980U.BinaryControllerTest" time="0.007"/>
  <testcase name="postAdditionWithDifferentLengths" classname="com.ontariotechu.sofe3980U.BinaryControllerTest" time="0.005"/>
  <testcase name="postParameter" classname="com.ontariotechu.sofe3980U.BinaryControllerTest" time="0.005"/>
  <testcase name="postInvalidInput" classname="com.ontariotechu.sofe3980U.BinaryControllerTest" time="0.004"/>
  <testcase name="binaryORControllerTest" classname="com.ontariotechu.sofe3980U.BinaryControllerTest" time="0.003"/>
  <testcase name="getParameter" classname="com.ontariotechu.sofe3980U.BinaryControllerTest" time="0.004"/>
</testsuite>