<?xml version="1.0" encoding="UTF-8"?>
<testsuite xmlns:xsi="http://www.w3.org/2001/XMLSchema-instance" xsi:noNamespaceSchemaLocation="https://maven.apache.org/surefire/maven-surefire-plugin/xsd/surefire-test-report-3.0.xsd" version="3.0" name="com.ontariotechu.sofe3980U.HelloAPIControllerTest" time="0.543" tests="6" errors="0" skipped="0" failures="0">
  <properties>
[...]
</properties>
  <testcase name="helloAPINoParameter" classname="com.ontariotechu.sofe3980U.HelloAPIControllerTest" time="0.004">
    <system-out><![CDATA[2025-02-04 22:23:28.740  INFO 10828 --- [           main] .b.t.a.w.s.WebMvcTestContextBootstrapper : Neither @ContextConfiguration nor @ContextHierarchy found for test class [com.ontariotechu.sofe3980U.HelloAPIControllerTest], using SpringBootContextLoader
2025-02-04 22:23:28.741  INFO 10828 --- [           main] o.s.t.c.support.AbstractContextLoader    : Could not detect default resource locations for test class [com.ontariotechu.sofe3980U.HelloAPIControllerTest]: no resource found for suffixes {-context.xml, Context.groovy}.
2025-02-04 22:23:28.741  INFO 10828 --- [           main] t.c.s.AnnotationConfigContextLoaderUtils : Could not detect default configuration classes for test class [com.ontariotechu.sofe3980U.HelloAPIControllerTest]: HelloAPIControllerTest does not declare any static, non-private, non-final, nested classes annotated with @Configuration.
2025-02-04 22:23:28.745  INFO 10828 --- [           main] .b.t.c.SpringBootTestContextBootstrapper : Found @SpringBootConfiguration com.ontariotechu.sofe3980U.Application for test class com.ontariotechu.sofe3980U.HelloAPIControllerTest
2025-02-04 22:23:28.746  INFO 10828 --- [           main] .b.t.a.w.s.WebMvcTestContextBootstrapper : Loaded default TestExecutionListener class names from location [META-INF/spring.factories]: [org.springframework.boot.test.mock.mockito.MockitoTestExecutionListener, org.springframework.boot.test.mock.mockito.ResetMocksTestExecutionListener, org.springframework.boot.test.autoconfigure.restdocs.RestDocsTestExecutionListener, org.springframework.boot.test.autoconfigure.web.client.MockRestServiceServerResetTestExecutionListener, org.springframework.boot.test.autoconfigure.web.servlet.MockMvcPrintOnlyOnFailureTestExecutionListener, org.springframework.boot.test.autoconfigure.web.servlet.WebDriverTestExecutionListener, org.springframework.test.context.web.ServletTestExecutionListener, org.springframework.test.context.support.DirtiesContextBeforeModesTestExecutionListener, org.springframework.test.context.support.DependencyInjectionTestExecutionListener, org.springframework.test.context.support.DirtiesContextTestExecutionListener, org.springframework.test.context.transaction.TransactionalTestExecutionListener, org.springframework.test.context.jdbc.SqlScriptsTestExecutionListener]
2025-02-04 22:23:28.747  INFO 10828 --- [           main] .b.t.a.w.s.WebMvcTestContextBootstrapper : Using TestExecutionListeners: [org.springframework.test.context.web.ServletTestExecutionListener@3869a6e5, org.springframework.test.context.support.DirtiesContextBeforeModesTestExecutionListener@e3899fd, org.springframework.boot.test.mock.mockito.MockitoTestExecutionListener@7d484fcd, org.springframework.boot.test.autoconfigure.SpringBootDependencyInjectionTestExecutionListener@788e3702, org.springframework.test.context.support.DirtiesContextTestExecutionListener@d25e878, org.springframework.boot.test.mock.mockito.ResetMocksTestExecutionListener@47187f50, org.springframework.boot.test.autoconfigure.restdocs.RestDocsTestExecutionListener@78116659, org.springframework.boot.test.autoconfigure.web.client.MockRestServiceServerResetTestExecutionListener@712e787e, org.springframework.boot.test.autoconfigure.web.servlet.MockMvcPrintOnlyOnFailureTestExecutionListener@53ea380b, org.springframework.boot.test.autoconfigure.web.servlet.WebDriverTestExecutionListener@578c3fd9]

  .   ____          _            __ _ _
 /\\ / ___'_ __ _ _(_)_ __  __ _ \ \ \ \
( ( )\___ | '_ | '_| | '_ \/ _` | \ \ \ \
 \\/  ___)| |_)| | | | | || (_| |  ) ) ) )
  '  |____| .__|_| |_|_| |_\__, | / / / /
 =========|_|==============|___/=/_/_/_/
 :: Spring Boot ::        (v2.1.2.RELEASE)

2025-02-04 22:23:28.788  INFO 10828 --- [           main] c.o.sofe3980U.HelloAPIControllerTest     : Starting HelloAPIControllerTest on MSI with PID 10828 (started by 16477 in C:\Users\16477\SoftwareQualityProjectManagement\Labs\BinaryCalculatorWebapp)
2025-02-04 22:23:28.790  INFO 10828 --- [           main] c.o.sofe3980U.HelloAPIControllerTest     : No active profile set, falling back to default profiles: default
2025-02-04 22:23:29.098  INFO 10828 --- [           main] o.s.s.concurrent.ThreadPoolTaskExecutor  : Initializing ExecutorService 'applicationTaskExecutor'
2025-02-04 22:23:29.242  INFO 10828 --- [           main] o.s.b.t.m.w.SpringBootMockServletContext : Initializing Spring TestDispatcherServlet ''
2025-02-04 22:23:29.242  INFO 10828 --- [           main] o.s.t.web.servlet.TestDispatcherServlet  : Initializing Servlet ''
2025-02-04 22:23:29.249  INFO 10828 --- [           main] o.s.t.web.servlet.TestDispatcherServlet  : Completed initialization in 7 ms
2025-02-04 22:23:29.264  INFO 10828 --- [           main] c.o.sofe3980U.HelloAPIControllerTest     : Started HelloAPIControllerTest in 0.512 seconds (JVM running for 5.133)
]]></system-out>
  </testcase>
  <testcase name="helloAPIWithName" classname="com.ontariotechu.sofe3980U.HelloAPIControllerTest" time="0.004"/>
  <testcase name="EmailAPINoParameters" classname="com.ontariotechu.sofe3980U.HelloAPIControllerTest" time="0.008"/>
  <testcase name="EmailAPIWithFirstName" classname="com.ontariotechu.sofe3980U.HelloAPIControllerTest" time="0.004"/>
  <testcase name="EmailAPIWithFullName" classname="com.ontariotechu.sofe3980U.HelloAPIControllerTest" time="0.005"/>
  <testcase name="EmailAPIWithLastName" classname="com.ontariotechu.sofe3980U.HelloAPIControllerTest" time="0.003"/>
</testsuite>